1826066771
1391501208
1826066771
1391501208
1694063942
2082437914
667854044
2134124420
570903576
570903576
570903516
570903516
570903456
570903456
2068318865
2068318865
2068318864
2068318864
154759864
154759864
154759517
154759517
14080424
14080424
14080424
14080424
154759646
154759646
14068924
14068924
14068924
14068924
154759506
154759506
14080166
14080167
14080166
14080166
14068924
14068924
14068924
14068924
2051938514
318610361
14068924
14068924
14068924
14068924
2051938514
318610361
14068924
14068924
14068924
14068924
247980675
1483858016
247980675
1483858017
1483858018
1389124111
1389124111
1483858020
1483858024
1483858025
1256283517
1256283517
1256283210
1256283210
1256281457
1256281457
1256281457
1256281457
2051938514
318610360
2051938514
318610359
2051938514
318610359
2051938514
154759506
154759506
14080166
14068924
14068924
14068924
14068924
14068924
14068924
14068924
14068924
2051938514
318610361
14068924
14068924
14068924
14068924
14068924
14068924
14068924
14068924
14068924
14068924
14068924
14068924
14068924
14068924
14080166
14080167
14080166
14080166
14068924
14068924
2051938514
318610359
2051938514
1142334120
1142334120
1142334120
1142334120
1142334120
318610359
1142334120
2051938514
318610359
644583381
644583381
2051938514
318610360
2051938514
318610359
2051938514
318610360
550518494
14080078
14080078
644583381
644583381
154757943
154757943
14080078
14080078
14080078
14080152
14080152
14080665
14080665
836097408
836097408
836097408
154759807
154759807
154759522
843648234
843648234
843648235
2051938514
318610359
247980705
1256283368
1256283368
1256282951
1256282951
1256282951
1256282951
1256282951
1256282951
247980675
247980675
1364624307
1364624307
1364624397
1364624397
1694063942
2082437914
780857283
780857283
780857283
780857283
1826066771
1391501208
973444902
870877688
870877688
870877688
1360731144
1360731144
376194472
376194472
320061447
1972664139
1972810549
1441234640
1441234640
644583381
644583381
1694063942
2082437914
667854044
2134124420
495665199
295767504
1105588370
644583381
644583381
1694063942
2082437914
667854044
2134124420
644583381
644583381
1441234640
644583381
644583381
1441234640
1288801015
1441234640
187888633
893837149
893837149
1694063942
2082437914
667854044
2134124420
870877688
870877688
870877688
1360731144
1360731144
376194472
376194472
320061447
1972664139
1972810549
1694063942
2082437914
667854044
2134124420
475227388
475227388
475227388
1965437912
1965437912
1474231993
1826066771
1391501208
1826066771
1391501208
641419848
641419848
839213950
839213950
641419852
641419852
839213951
839213951
839213951
839213951
641419878
641419878
641419877
641419877
641419926
641419926
154760102
154760102
14080210
14080210
1694063942
2082437914
667854044
2134124420
644583381
644583381
897387726
897387726
897387734
1281330459
1281330468
154759540
154759540
14080126
14080126
154759651
154759651
154759544
154759544
154759038
154759038
644583381
644583381
1253547580
1253547580
1253547580
1253547580
1253547580
1253547580
1253547580
1253547580
1253547580
1253547580
1253547580
1253547580
1253547580
1253547580
1253547580
1253547580
1441234640
644583381
644583381
1441234640
641419926
641419926
644583381
644583381
2004472150
1694063942
2082437914
667854044
2134124420
2041704989
436153962
436153962
1364624313
1364624313
1364624397
1364624397
1441234640
1441234640
1694063942
2082437914
667854044
2134124420
436153954
436153954
436153810
436153810
436153803
436153803
436153959
436153954
436153954
436153811
436153811
436153803
436153803
436153959
436153959
436153804
436153804
187888633
14080032
14080032
641419848
641419848
839213950
839213950
644583381
644583381
436153962
2051938514
318610359
641419926
641419926
154760077
154760077
1694063942
2082437914
667854044
2134124420
439290199
1054512410
1054512410
154759540
154759540
14080126
14080126
154759651
154759651
154759544
154759544
154759038
154759038
641419878
641419878
641419877
641419877
641419926
641419926
154759527
154759527
75096537
641419878
154759540
154759540
14080126
14080126
154759544
154759544
2051938514
641419878
641419878
641419877
641419877
641419926
641419926
154760005
154760005
154758085
400826556
400826556
641419878
641419878
641419877
641419877
641419926
641419926
644583381
644583381
1694063942
2082437914
667854044
2134124420
2051938514
318610359
2051938514
318610359
154759742
154759742
154759748
154759748
644583381
644583381
14080159
14080159
14080159
14080159
14080069
14080069
154759500
154759500
14080160
14080160
780857283
780857283
780857283
780857283
1826066771
1391501208
973444902
644583381
644583381
870877688
870877688
421539857
421539857
421539857
1965437912
1965437912
612370029
612370029
2061297588
70292256
70438666
1441234640
644583381
644583381
1441234640
1288801012
1441234640
1694063942
2082437914
870877688
870877688
870877688
1360731144
1360731144
376194472
376194472
320061447
1972664139
1972810549
187888633
475227388
475227388
475227388
1965437912
1965437912
1474231993
1474231993
374657913
1976749143
1694063942
2082437914
667854044
2134124420
1826066771
1391501208
1826066771
1391501208
2051938514
318610359
2080626258
31415490
31415491
31415490
31415491
36091960
36091963
2051938514
318610361
247980705
247980705
247980704
247980704
247980753
247980753
1256283365
789733283
1256283368
1256283368
1256282951
1256282951
1256282951
1256282951
1256282951
1364624307
1364624307
1364624397
1364624397
154759540
154759540
14080035
14080035
2051938514
318610359
2051938514
318610360
641419848
641419848
839213950
839213950
1441234640
644583381
644583381
1441234640
1288801012
1441234640
2051938514
318610360
2051938514
318610359
2051938514
318610360
644583381
14080078
14080078
14080078
14080078
546735685
546735685
546735686
154759310
154759310
1694063942
2082437914
667854044
2134124420
2051938514
318610359
2051938514
318610359
2051938514
318610359
2051938514
318610359
154759807
154759807
154759523
154759523
154759523
154759523
1621978954
1621978954
1621978956
822270058
822270058
822270058
1533877402
1533877402
1533877403
407885815
2051938514
318610359
226549603
226549603
226549604
1821228270
1821228270
1821228271
2126248389
2126248389
527263681
527263681
527263682
1005644595
1005644595
1005644596
1538599373
1538599373
1538599375
154759524
154759638
154759638
154759521
154759521
154759638
154759638
2051938514
318610359
2051938514
318610359
14068924
14068924
14068924
14068924
14068924
14068924
14068924
14068924
14068924
14068924
1927145623
1188510543
1188510543
1188510543
1188510543
1188510543
1188510543
1188510543
1188510543
1188510543
2051938514
318610359
2051938514
318610360
2051938514
318610359
641419878
641419878
927603794
927603794
1694063942
1256283170
1256283170
1256283170
1389124111
1389124111
1256283368
1256283368
1256282951
1256282951
720993404
720993404
720993404
720993404
720993404
720993404
720993404
720993404
720993404
720993404
644583381
644583381
1364624307
1364624307
1364624397
1364624397
2126248389
2126248389
644583381
644583381
966911426
966911426
966911428
1441234640
1441234640
160575348
644583381
644583381
2051938514
318610359
644583381
644583381
2051938514
318610360
2051938514
318610359
2051938514
318610361
2051938514
644583381
644583381
870877688
870877688
870877688
1360731144
1360731144
376194472
376194472
320061447
1972664139
1972810549
475227388
475227388
475227388
1965437912
1965437912
1474231993
1474231993
374657913
1976749143
202251817
