1826066771 -1 1391501208 -1 1826066771 -1 1391501208 -1 1694063942 -1 2082437914 -1 667854044 -1 2134124420 -1 570903576 -1 570903576 -2
570903516 -1 570903516 -1 570903456 -1 570903456 -1 2068318865 -1 2068318865 -1 2068318864 -1 2068318864 -1 154759864 -1 154759864 -2
154759517 -1 154759517 -1 14080424 -1 14080424 -1 14080424 -1 14080424 -1 154759646 -1 154759646 -1 14068924 -1 14068924 -2
14068924 -1 14068924 -1 154759506 -1 154759506 -1 14080166 -1 14080167 -1 14080166 -1 14080166 -1 14068924 -1 14068924 -2
14068924 -1 14068924 -1 2051938514 -1 318610361 -1 14068924 -1 14068924 -1 14068924 -1 14068924 -1 2051938514 -1 318610361 -2
14068924 -1 14068924 -1 14068924 -1 14068924 -1 247980675 -1 1483858016 -1 247980675 -1 1483858017 -1 1483858018 -1 1389124111 -2
1389124111 -1 1483858020 -1 1483858024 -1 1483858025 -1 1256283517 -1 1256283517 -1 1256283210 -1 1256283210 -1 1256281457 -1 1256281457 -2
1256281457 -1 1256281457 -1 2051938514 -1 318610360 -1 2051938514 -1 318610359 -1 2051938514 -1 318610359 -1 2051938514 -1 154759506 -2
154759506 -1 14080166 -1 14068924 -1 14068924 -1 14068924 -1 14068924 -1 14068924 -1 14068924 -1 14068924 -1 14068924 -2
2051938514 -1 318610361 -1 14068924 -1 14068924 -1 14068924 -1 14068924 -1 14068924 -1 14068924 -1 14068924 -1 14068924 -2
14068924 -1 14068924 -1 14068924 -1 14068924 -1 14068924 -1 14068924 -1 14080166 -1 14080167 -1 14080166 -1 14080166 -2
14068924 -1 14068924 -1 2051938514 -1 318610359 -1 2051938514 -1 1142334120 -1 1142334120 -1 1142334120 -1 1142334120 -1 1142334120 -2
318610359 -1 1142334120 -1 2051938514 -1 318610359 -1 644583381 -1 644583381 -1 2051938514 -1 318610360 -1 2051938514 -1 318610359 -2
2051938514 -1 318610360 -1 550518494 -1 14080078 -1 14080078 -1 644583381 -1 644583381 -1 154757943 -1 154757943 -1 14080078 -2
14080078 -1 14080078 -1 14080152 -1 14080152 -1 14080665 -1 14080665 -1 836097408 -1 836097408 -1 836097408 -1 154759807 -2
154759807 -1 154759522 -1 843648234 -1 843648234 -1 843648235 -1 2051938514 -1 318610359 -1 247980705 -1 1256283368 -1 1256283368 -2
1256282951 -1 1256282951 -1 1256282951 -1 1256282951 -1 1256282951 -1 1256282951 -1 247980675 -1 247980675 -1 1364624307 -1 1364624307 -2
1364624397 -1 1364624397 -1 1694063942 -1 2082437914 -1 780857283 -1 780857283 -1 780857283 -1 780857283 -1 1826066771 -1 1391501208 -2
973444902 -1 870877688 -1 870877688 -1 870877688 -1 1360731144 -1 1360731144 -1 376194472 -1 376194472 -1 320061447 -1 1972664139 -2
1972810549 -1 1441234640 -1 1441234640 -1 644583381 -1 644583381 -1 1694063942 -1 2082437914 -1 667854044 -1 2134124420 -1 495665199 -2
295767504 -1 1105588370 -1 644583381 -1 644583381 -1 1694063942 -1 2082437914 -1 667854044 -1 2134124420 -1 644583381 -1 644583381 -2
1441234640 -1 644583381 -1 644583381 -1 1441234640 -1 1288801015 -1 1441234640 -1 187888633 -1 893837149 -1 893837149 -1 1694063942 -2
2082437914 -1 667854044 -1 2134124420 -1 870877688 -1 870877688 -1 870877688 -1 1360731144 -1 1360731144 -1 376194472 -1 376194472 -2
320061447 -1 1972664139 -1 1972810549 -1 1694063942 -1 2082437914 -1 667854044 -1 2134124420 -1 475227388 -1 475227388 -1 475227388 -2
1965437912 -1 1965437912 -1 1474231993 -1 1826066771 -1 1391501208 -1 1826066771 -1 1391501208 -1 641419848 -1 641419848 -1 839213950 -2
839213950 -1 641419852 -1 641419852 -1 839213951 -1 839213951 -1 839213951 -1 839213951 -1 641419878 -1 641419878 -1 641419877 -2
641419877 -1 641419926 -1 641419926 -1 154760102 -1 154760102 -1 14080210 -1 14080210 -1 1694063942 -1 2082437914 -1 667854044 -2
2134124420 -1 644583381 -1 644583381 -1 897387726 -1 897387726 -1 897387734 -1 1281330459 -1 1281330468 -1 154759540 -1 154759540 -2
14080126 -1 14080126 -1 154759651 -1 154759651 -1 154759544 -1 154759544 -1 154759038 -1 154759038 -1 644583381 -1 644583381 -2
1253547580 -1 1253547580 -1 1253547580 -1 1253547580 -1 1253547580 -1 1253547580 -1 1253547580 -1 1253547580 -1 1253547580 -1 1253547580 -2
1253547580 -1 1253547580 -1 1253547580 -1 1253547580 -1 1253547580 -1 1253547580 -1 1441234640 -1 644583381 -1 644583381 -1 1441234640 -2
641419926 -1 641419926 -1 644583381 -1 644583381 -1 2004472150 -1 1694063942 -1 2082437914 -1 667854044 -1 2134124420 -1 2041704989 -2
436153962 -1 436153962 -1 1364624313 -1 1364624313 -1 1364624397 -1 1364624397 -1 1441234640 -1 1441234640 -1 1694063942 -1 2082437914 -2
667854044 -1 2134124420 -1 436153954 -1 436153954 -1 436153810 -1 436153810 -1 436153803 -1 436153803 -1 436153959 -1 436153954 -2
436153954 -1 436153811 -1 436153811 -1 436153803 -1 436153803 -1 436153959 -1 436153959 -1 436153804 -1 436153804 -1 187888633 -2
14080032 -1 14080032 -1 641419848 -1 641419848 -1 839213950 -1 839213950 -1 644583381 -1 644583381 -1 436153962 -1 2051938514 -2
318610359 -1 641419926 -1 641419926 -1 154760077 -1 154760077 -1 1694063942 -1 2082437914 -1 667854044 -1 2134124420 -1 439290199 -2
1054512410 -1 1054512410 -1 154759540 -1 154759540 -1 14080126 -1 14080126 -1 154759651 -1 154759651 -1 154759544 -1 154759544 -2
154759038 -1 154759038 -1 641419878 -1 641419878 -1 641419877 -1 641419877 -1 641419926 -1 641419926 -1 154759527 -1 154759527 -2
75096537 -1 641419878 -1 154759540 -1 154759540 -1 14080126 -1 14080126 -1 154759544 -1 154759544 -1 2051938514 -1 641419878 -2
641419878 -1 641419877 -1 641419877 -1 641419926 -1 641419926 -1 154760005 -1 154760005 -1 154758085 -1 400826556 -1 400826556 -2
641419878 -1 641419878 -1 641419877 -1 641419877 -1 641419926 -1 641419926 -1 644583381 -1 644583381 -1 1694063942 -1 2082437914 -2
667854044 -1 2134124420 -1 2051938514 -1 318610359 -1 2051938514 -1 318610359 -1 154759742 -1 154759742 -1 154759748 -1 154759748 -2
644583381 -1 644583381 -1 14080159 -1 14080159 -1 14080159 -1 14080159 -1 14080069 -1 14080069 -1 154759500 -1 154759500 -2
14080160 -1 14080160 -1 780857283 -1 780857283 -1 780857283 -1 780857283 -1 1826066771 -1 1391501208 -1 973444902 -1 644583381 -2
644583381 -1 870877688 -1 870877688 -1 421539857 -1 421539857 -1 421539857 -1 1965437912 -1 1965437912 -1 612370029 -1 612370029 -2
2061297588 -1 70292256 -1 70438666 -1 1441234640 -1 644583381 -1 644583381 -1 1441234640 -1 1288801012 -1 1441234640 -1 1694063942 -2
2082437914 -1 870877688 -1 870877688 -1 870877688 -1 1360731144 -1 1360731144 -1 376194472 -1 376194472 -1 320061447 -1 1972664139 -2
1972810549 -1 187888633 -1 475227388 -1 475227388 -1 475227388 -1 1965437912 -1 1965437912 -1 1474231993 -1 1474231993 -1 374657913 -2
1976749143 -1 1694063942 -1 2082437914 -1 667854044 -1 2134124420 -1 1826066771 -1 1391501208 -1 1826066771 -1 1391501208 -1 2051938514 -2
318610359 -1 2080626258 -1 31415490 -1 31415491 -1 31415490 -1 31415491 -1 36091960 -1 36091963 -1 2051938514 -1 318610361 -2
247980705 -1 247980705 -1 247980704 -1 247980704 -1 247980753 -1 247980753 -1 1256283365 -1 789733283 -1 1256283368 -1 1256283368 -2
1256282951 -1 1256282951 -1 1256282951 -1 1256282951 -1 1256282951 -1 1364624307 -1 1364624307 -1 1364624397 -1 1364624397 -1 154759540 -2
154759540 -1 14080035 -1 14080035 -1 2051938514 -1 318610359 -1 2051938514 -1 318610360 -1 641419848 -1 641419848 -1 839213950 -2
839213950 -1 1441234640 -1 644583381 -1 644583381 -1 1441234640 -1 1288801012 -1 1441234640 -1 2051938514 -1 318610360 -1 2051938514 -2
318610359 -1 2051938514 -1 318610360 -1 644583381 -1 14080078 -1 14080078 -1 14080078 -1 14080078 -1 546735685 -1 546735685 -2
546735686 -1 154759310 -1 154759310 -1 1694063942 -1 2082437914 -1 667854044 -1 2134124420 -1 2051938514 -1 318610359 -1 2051938514 -2
318610359 -1 2051938514 -1 318610359 -1 2051938514 -1 318610359 -1 154759807 -1 154759807 -1 154759523 -1 154759523 -1 154759523 -2
154759523 -1 1621978954 -1 1621978954 -1 1621978956 -1 822270058 -1 822270058 -1 822270058 -1 1533877402 -1 1533877402 -1 1533877403 -2
407885815 -1 2051938514 -1 318610359 -1 226549603 -1 226549603 -1 226549604 -1 1821228270 -1 1821228270 -1 1821228271 -1 2126248389 -2
2126248389 -1 527263681 -1 527263681 -1 527263682 -1 1005644595 -1 1005644595 -1 1005644596 -1 1538599373 -1 1538599373 -1 1538599375 -2
154759524 -1 154759638 -1 154759638 -1 154759521 -1 154759521 -1 154759638 -1 154759638 -1 2051938514 -1 318610359 -1 2051938514 -2
318610359 -1 14068924 -1 14068924 -1 14068924 -1 14068924 -1 14068924 -1 14068924 -1 14068924 -1 14068924 -1 14068924 -2
14068924 -1 1927145623 -1 1188510543 -1 1188510543 -1 1188510543 -1 1188510543 -1 1188510543 -1 1188510543 -1 1188510543 -1 1188510543 -2
1188510543 -1 2051938514 -1 318610359 -1 2051938514 -1 318610360 -1 2051938514 -1 318610359 -1 641419878 -1 641419878 -1 927603794 -2
927603794 -1 1694063942 -1 1256283170 -1 1256283170 -1 1256283170 -1 1389124111 -1 1389124111 -1 1256283368 -1 1256283368 -1 1256282951 -2
1256282951 -1 720993404 -1 720993404 -1 720993404 -1 720993404 -1 720993404 -1 720993404 -1 720993404 -1 720993404 -1 720993404 -2
720993404 -1 644583381 -1 644583381 -1 1364624307 -1 1364624307 -1 1364624397 -1 1364624397 -1 2126248389 -1 2126248389 -1 644583381 -2
644583381 -1 966911426 -1 966911426 -1 966911428 -1 1441234640 -1 1441234640 -1 160575348 -1 644583381 -1 644583381 -1 2051938514 -2
318610359 -1 644583381 -1 644583381 -1 2051938514 -1 318610360 -1 2051938514 -1 318610359 -1 2051938514 -1 318610361 -1 2051938514 -2
644583381 -1 644583381 -1 870877688 -1 870877688 -1 870877688 -1 1360731144 -1 1360731144 -1 376194472 -1 376194472 -1 320061447 -2
1972664139 -1 1972810549 -1 475227388 -1 475227388 -1 475227388 -1 1965437912 -1 1965437912 -1 1474231993 -1 1474231993 -1 374657913 -2
